\BOOKMARK [1][-]{section.1}{Dataset}{}% 1
\BOOKMARK [2][-]{subsection.1.1}{Motivace}{section.1}% 2
\BOOKMARK [2][-]{subsection.1.2}{\332pravy a chybej\355c\355 data}{section.1}% 3
\BOOKMARK [2][-]{subsection.1.3}{Ot\341zky, pro kter\351 hled\341me odpovedi.}{section.1}% 4
\BOOKMARK [2][-]{subsection.1.4}{Anal\375za}{section.1}% 5
\BOOKMARK [1][-]{section.2}{Obecn\341 anal\375za}{}% 6
\BOOKMARK [2][-]{subsection.2.1}{Anal\375za atributu}{section.2}% 7
\BOOKMARK [2][-]{subsection.2.2}{Pocet titulu na rok.}{section.2}% 8
\BOOKMARK [2][-]{subsection.2.3}{Rozlo\236en\355 platforem}{section.2}% 9
\BOOKMARK [2][-]{subsection.2.4}{Obl\355ben\351 \236\341nry}{section.2}% 10
\BOOKMARK [2][-]{subsection.2.5}{Nejprod\341vanej\235\355 tituly ve sv\351 \236\341nrov\351 kategorii}{section.2}% 11
\BOOKMARK [2][-]{subsection.2.6}{Nej\372spe\235nej\355 vydavatel\351 a tituly podle regionu}{section.2}% 12
\BOOKMARK [3][-]{subsubsection.2.6.1}{Evropa}{subsection.2.6}% 13
\BOOKMARK [3][-]{subsubsection.2.6.2}{Severn\355 Amerika}{subsection.2.6}% 14
\BOOKMARK [3][-]{subsubsection.2.6.3}{Japonsko}{subsection.2.6}% 15
\BOOKMARK [2][-]{subsection.2.7}{\231ivotnost platforem}{section.2}% 16
\BOOKMARK [2][-]{subsection.2.8}{Jak\351 platformy preferuji v\375voj\341ri}{section.2}% 17
\BOOKMARK [3][-]{subsubsection.2.8.1}{1st party studia}{subsection.2.8}% 18
\BOOKMARK [3][-]{subsubsection.2.8.2}{Nejvet\235\355 USA/EU spolecnosti}{subsection.2.8}% 19
\BOOKMARK [3][-]{subsubsection.2.8.3}{Nejvet\235\355 Japonsk\351 spolecnosti}{subsection.2.8}% 20
\BOOKMARK [2][-]{subsection.2.9}{Popularita \236\341nru v prubehu let}{section.2}% 21
\BOOKMARK [2][-]{subsection.2.10}{Popularita \236\341nru podle platformy}{section.2}% 22
